 2025-07-16 14:04:27,121 - listing - INFO - Total listings processed: 10233
2025-07-16 14:04:27,933 - listing - INFO - Cleaning up simplified processor resources...
2025-07-16 14:04:29,241 - listing - INFO - Simplified cleanup completed successfully
2025-07-16 14:26:22,379 - listing - INFO - === Initializing Simplified Site Processor ===
2025-07-16 14:26:25,411 - listing - INFO - Simplified initialization complete

2025-07-16 15:01:50,082 - listing - INFO - Cleaning up simplified processor resources...
2025-07-16 15:01:50,098 - listing - INFO - Simplified cleanup completed successfully
2025-07-16 15:22:34,428 - listing - INFO - === Initializing Simplified Site Processor ===
2025-07-16 15:22:38,175 - listing - INFO - Simplified initialization complete

2025-07-16 15:40:37,236 - listing - INFO - Cleaning up simplified processor resources...
2025-07-16 15:40:37,248 - listing - INFO - Simplified cleanup completed successfully
2025-07-16 15:43:06,785 - listing - INFO - === Initializing Simplified Site Processor ===
2025-07-16 15:43:09,684 - listing - INFO - Simplified initialization complete

2025-07-16 15:45:20,431 - listing - INFO - Cleaning up simplified processor resources...
2025-07-16 15:45:21,494 - listing - INFO - Simplified cleanup completed successfully
2025-07-16 15:48:24,653 - listing - INFO - === Initializing Simplified Site Processor ===
2025-07-16 15:48:27,718 - listing - INFO - Simplified initialization complete

2025-07-16 15:48:31,555 - listing - INFO - Cleaning up simplified processor resources...
2025-07-16 15:48:32,742 - listing - INFO - Simplified cleanup completed successfully
2025-07-16 15:49:59,663 - listing - INFO - === Initializing Simplified Site Processor ===
2025-07-16 15:50:02,759 - listing - INFO - Simplified initialization complete

2025-07-16 15:56:06,014 - listing - INFO - Cleaning up simplified processor resources...
2025-07-16 15:56:06,018 - listing - INFO - Simplified cleanup completed successfully
2025-07-16 15:57:20,056 - listing - INFO - === Initializing Simplified Site Processor ===
2025-07-16 15:57:22,213 - listing - INFO - Simplified initialization complete

2025-07-16 15:58:48,445 - listing - INFO - Cleaning up simplified processor resources...
2025-07-16 15:58:48,445 - listing - INFO - Simplified cleanup completed successfully
2025-07-16 18:25:14,473 - listing - INFO - === Initializing Simplified Site Processor ===
2025-07-16 18:25:26,903 - listing - INFO - Simplified initialization complete

2025-07-16 18:26:51,339 - listing - INFO - Cleaning up simplified processor resources...
2025-07-16 18:26:51,347 - listing - INFO - Simplified cleanup completed successfully
2025-07-16 18:31:44,157 - listing - INFO - === Initializing Simplified Site Processor ===
2025-07-16 18:31:46,507 - listing - INFO - Simplified initialization complete

2025-07-16 18:33:28,471 - listing - INFO - Cleaning up simplified processor resources...
2025-07-16 18:33:28,474 - listing - INFO - Simplified cleanup completed successfully
2025-07-16 18:43:07,268 - listing - INFO - === Initializing Simplified Site Processor ===
2025-07-16 18:43:09,293 - listing - INFO - Simplified initialization complete

2025-07-16 18:57:51,886 - listing - INFO - Cleaning up simplified processor resources...
2025-07-16 18:57:51,902 - listing - INFO - Simplified cleanup completed successfully
2025-07-17 08:57:18,797 - listing - INFO - === Initializing Simplified Site Processor ===
2025-07-17 08:57:31,773 - listing - INFO - Simplified initialization complete

2025-07-17 10:12:22,814 - listing - INFO - Total listings processed: 9947
2025-07-17 10:12:23,594 - listing - INFO - Cleaning up simplified processor resources...
2025-07-17 10:12:23,880 - listing - INFO - Simplified cleanup completed successfully
2025-07-17 10:28:12,744 - listing - INFO - === Initializing Simplified Site Processor ===
2025-07-17 10:28:19,526 - listing - INFO - Simplified initialization complete

2025-07-17 10:48:38,638 - listing - INFO - Cleaning up simplified processor resources...
2025-07-17 11:14:13,472 - listing - INFO - === Initializing Simplified Site Processor ===
2025-07-17 11:14:22,189 - listing - INFO - Simplified initialization complete

2025-07-17 11:29:55,574 - listing - INFO - Cleaning up simplified processor resources...
2025-07-17 11:29:55,574 - listing - INFO - Simplified cleanup completed successfully
2025-07-17 11:45:13,874 - listing - INFO - === Initializing Simplified Site Processor ===
2025-07-17 11:45:15,989 - listing - INFO - Simplified initialization complete

2025-07-17 11:52:39,362 - listing - INFO - Cleaning up simplified processor resources...
2025-07-17 11:52:39,364 - listing - INFO - Simplified cleanup completed successfully
2025-07-17 11:58:52,681 - listing - INFO - === Initializing Simplified Site Processor ===
2025-07-17 11:58:54,521 - listing - INFO - Simplified initialization complete

2025-07-17 12:01:29,380 - listing - INFO - Cleaning up simplified processor resources...
2025-07-17 12:01:30,691 - listing - INFO - Simplified cleanup completed successfully
2025-07-17 12:03:51,227 - listing - INFO - === Initializing Simplified Site Processor ===
2025-07-17 12:03:53,010 - listing - INFO - Simplified initialization complete

2025-07-17 13:40:41,925 - listing - INFO - Total listings processed: 7816
2025-07-17 13:40:42,516 - listing - INFO - Cleaning up simplified processor resources...
2025-07-17 13:40:42,815 - listing - INFO - Simplified cleanup completed successfully
