2025-07-18 17:49:10,458 - listing - INFO - === Initializing Simplified Site Processor ===
2025-07-18 17:49:30,142 - listing - INFO - Simplified initialization complete

2025-07-18 19:16:07,737 - listing - INFO - Total listings processed: 4647
2025-07-18 19:16:12,668 - listing - INFO - Cleaning up simplified processor resources...
2025-07-18 19:16:12,920 - listing - INFO - Simplified cleanup completed successfully
2025-07-19 14:52:52,774 - listing - INFO - Starting sales data extraction...
2025-07-19 14:52:52,774 - listing - INFO - Starting truly optimized sales data extraction...
2025-07-19 14:52:55,275 - listing - INFO - Sales data extraction completed successfully!
2025-07-19 14:53:58,001 - listing - INFO - Starting sales data extraction...
2025-07-19 14:53:58,001 - listing - INFO - Starting truly optimized sales data extraction...
2025-07-19 14:55:21,752 - listing - INFO - Interrupted by user
2025-07-19 14:57:16,374 - listing - INFO - Starting sales data extraction...
2025-07-19 14:57:16,374 - listing - INFO - Starting truly optimized sales data extraction...
2025-07-19 15:00:02,697 - listing - INFO - Starting sales data extraction...
2025-07-19 15:00:02,697 - listing - INFO - Starting truly optimized sales data extraction...
2025-07-19 15:00:06,394 - listing - INFO - Sales data extraction completed successfully!
2025-07-19 15:01:17,461 - listing - INFO - Starting sales data extraction...
2025-07-19 15:01:17,461 - listing - INFO - Starting truly optimized sales data extraction...
2025-07-19 15:01:21,241 - listing - INFO - Sales data extraction completed successfully!
2025-07-19 15:03:35,243 - listing - INFO - Starting sales data extraction...
2025-07-19 15:03:35,243 - listing - INFO - Starting truly optimized sales data extraction...
2025-07-19 15:06:57,804 - listing - INFO - Starting sales data extraction...
2025-07-19 15:06:57,804 - listing - INFO - Starting truly optimized sales data extraction...
2025-07-19 15:09:00,485 - listing - INFO - Starting sales data extraction...
2025-07-19 15:09:00,485 - listing - INFO - Starting truly optimized sales data extraction...
2025-07-19 15:11:42,122 - listing - INFO - Starting sales data extraction...
2025-07-19 15:11:42,122 - listing - INFO - Starting truly optimized sales data extraction...
2025-07-19 15:13:59,018 - listing - INFO - Starting sales data extraction...
2025-07-19 15:13:59,034 - listing - INFO - Starting truly optimized sales data extraction...
2025-07-19 15:15:46,310 - listing - INFO - Starting sales data extraction...
2025-07-19 15:15:46,310 - listing - INFO - Starting truly optimized sales data extraction...
2025-07-19 15:18:17,216 - listing - INFO - Starting sales data extraction...
2025-07-19 15:18:17,219 - listing - INFO - Starting truly optimized sales data extraction...
2025-07-19 15:18:55,759 - listing - INFO - Starting sales data extraction...
2025-07-19 15:18:55,759 - listing - INFO - Starting truly optimized sales data extraction...
2025-07-19 15:21:04,525 - listing - INFO - Starting sales data extraction...
2025-07-19 15:21:04,525 - listing - INFO - Starting truly optimized sales data extraction...
2025-07-19 15:31:46,515 - listing - INFO - Starting sales data extraction...
2025-07-19 15:31:46,515 - listing - INFO - Starting truly optimized sales data extraction...
2025-07-19 16:33:13,197 - listing - INFO - Starting sales data extraction...
2025-07-19 16:33:13,199 - listing - INFO - Starting truly optimized sales data extraction...
2025-07-19 16:59:47,066 - listing - INFO - Starting sales data extraction...
2025-07-19 16:59:47,067 - listing - INFO - Starting truly optimized sales data extraction...
